<?xml version="1.0" encoding="UTF-8"?>
<testsuite name="test_get_vaccine_date_tests.TestGetVaccineDate-20220522221401" tests="7" file="test_get_vaccine_date_tests.py" time="0.118" timestamp="2022-05-22T22:14:02" failures="0" errors="0" skipped="0">
	<testcase classname="test_get_vaccine_date_tests.TestGetVaccineDate" name="test_get_vaccine_date_no_ok" time="0.002" timestamp="2022-05-22T22:14:02"/>
	<testcase classname="test_get_vaccine_date_tests.TestGetVaccineDate" name="test_get_vaccine_date_no_ok_data_manipulated" time="0.006" timestamp="2022-05-22T22:14:02"/>
	<testcase classname="test_get_vaccine_date_tests.TestGetVaccineDate" name="test_get_vaccine_date_no_ok_date_invalid" time="0.003" timestamp="2022-05-22T22:14:02"/>
	<testcase classname="test_get_vaccine_date_tests.TestGetVaccineDate" name="test_get_vaccine_date_no_ok_date_invalid2" time="0.003" timestamp="2022-05-22T22:14:02"/>
	<testcase classname="test_get_vaccine_date_tests.TestGetVaccineDate" name="test_get_vaccine_date_no_ok_no_quotes" time="0.003" timestamp="2022-05-22T22:14:02"/>
	<testcase classname="test_get_vaccine_date_tests.TestGetVaccineDate" name="test_get_vaccine_date_no_ok_parameter" time="0.095" timestamp="2022-05-22T22:14:02"/>
	<testcase classname="test_get_vaccine_date_tests.TestGetVaccineDate" name="test_get_vaccine_date_ok" time="0.006" timestamp="2022-05-22T22:14:02"/>
</testsuite>
